生成启动时间为 2018/1/10 0:23:28。
     1>项目“E:\vc\JUMP\JUMP\JUMP.vcxproj”在节点 2 上(Rebuild 个目标)。
     1>ClCompile:
         D:\software_install\Microsoft Visual Studio 12.0\VC\bin\CL.exe /c /Zi /nologo /W3 /WX- /sdl /O2 /Oi /Oy- /GL /D WIN32 /D _WINDOWS /D NDEBUG /D _UNICODE /D UNICODE /D _AFXDLL /Gm- /EHsc /MD /GS /Gy /fp:precise /Zc:wchar_t /Zc:forScope /Yc"stdafx.h" /Fp"Release\JUMP.pch" /Fo"Release\\" /Fd"Release\vc120.pdb" /Gd /TP /analyze- /errorReport:prompt stdafx.cpp
         stdafx.cpp
         D:\software_install\Microsoft Visual Studio 12.0\VC\bin\CL.exe /c /Zi /nologo /W3 /WX- /sdl /O2 /Oi /Oy- /GL /D WIN32 /D _WINDOWS /D NDEBUG /D _UNICODE /D UNICODE /D _AFXDLL /Gm- /EHsc /MD /GS /Gy /fp:precise /Zc:wchar_t /Zc:forScope /Yu"stdafx.h" /Fp"Release\JUMP.pch" /Fo"Release\\" /Fd"Release\vc120.pdb" /Gd /TP /analyze- /errorReport:prompt JUMP.cpp JUMPDlg.cpp
         JUMP.cpp
         JUMPDlg.cpp
       ResourceCompile:
         C:\Program Files (x86)\Windows Kits\8.1\bin\x86\rc.exe /D NDEBUG /D _UNICODE /D UNICODE /D _AFXDLL /l"0x0804" /IRelease\ /nologo /fo"Release\JUMP.res" JUMP.rc 
       Link:
         D:\software_install\Microsoft Visual Studio 12.0\VC\bin\link.exe /ERRORREPORT:PROMPT /OUT:"E:\vc\JUMP\Release\JUMP.exe" /INCREMENTAL:NO /NOLOGO /MANIFEST /MANIFESTUAC:"level='asInvoker' uiAccess='false'" /manifest:embed /manifestinput:"D:\software_install\Microsoft Visual Studio 12.0\VC\Include\Manifest\dpiaware.manifest" /DEBUG /PDB:"E:\vc\JUMP\Release\JUMP.pdb" /SUBSYSTEM:WINDOWS /OPT:REF /OPT:ICF /LTCG /TLBID:1 /ENTRY:"wWinMainCRTStartup" /DYNAMICBASE /NXCOMPAT /IMPLIB:"E:\vc\JUMP\Release\JUMP.lib" /MACHINE:X86 /SAFESEH Release\JUMP.res
         Release\JUMP.obj
         Release\JUMPDlg.obj
         Release\stdafx.obj
         正在生成代码
         已完成代码的生成
         JUMP.vcxproj -> E:\vc\JUMP\Release\JUMP.exe
     1>已完成生成项目“E:\vc\JUMP\JUMP\JUMP.vcxproj”(Rebuild 个目标)的操作。

生成成功。

已用时间 00:00:05.40
